INFO  [2022/Nov/11 12:05:39] [autoreload.py:598] Watching for file changes with StatReloader
ERROR  [2022/Nov/11 12:05:40] [views.py:31] jkbcbjkcKCN
INFO  [2022/Nov/11 12:05:42] [autoreload.py:222] C:\hardik\projects\demo\drf_mongo\drf_mongo\tutorials\views.py changed, reloading.
INFO  [2022/Nov/11 12:05:43] [autoreload.py:598] Watching for file changes with StatReloader
ERROR  [2022/Nov/11 12:05:44] [views.py:34] jkbcbjkcKCN
INFO  [2022/Nov/11 12:06:02] [autoreload.py:222] C:\hardik\projects\demo\drf_mongo\drf_mongo\tutorials\views.py changed, reloading.
INFO  [2022/Nov/11 12:06:03] [autoreload.py:598] Watching for file changes with StatReloader
ERROR  [2022/Nov/11 12:06:04] [views.py:34] jkbcbjkcKCN
ERROR  [2022/Nov/11 12:06:06] [views.py:46] Got tutorial
INFO  [2022/Nov/11 12:06:06] [basehttp.py:157] "GET /api/tutorials/2 HTTP/1.1" 200 75
INFO  [2022/Nov/11 12:06:33] [autoreload.py:222] C:\hardik\projects\demo\drf_mongo\drf_mongo\tutorials\views.py changed, reloading.
INFO  [2022/Nov/11 12:06:35] [autoreload.py:598] Watching for file changes with StatReloader
ERROR  [2022/Nov/11 12:06:36] [views.py:34] jkbcbjkcKCN
INFO  [2022/Nov/11 12:06:37] [views.py:46] Tutorial deail by id: %s
INFO  [2022/Nov/11 12:06:37] [basehttp.py:157] "GET /api/tutorials/2 HTTP/1.1" 200 75
INFO  [2022/Nov/11 12:06:52] [autoreload.py:222] C:\hardik\projects\demo\drf_mongo\drf_mongo\tutorials\views.py changed, reloading.
INFO  [2022/Nov/11 12:06:55] [autoreload.py:598] Watching for file changes with StatReloader
ERROR  [2022/Nov/11 12:06:56] [views.py:34] jkbcbjkcKCN
INFO  [2022/Nov/11 12:06:57] [views.py:46] Tutorial deail by id: 2
INFO  [2022/Nov/11 12:06:57] [basehttp.py:157] "GET /api/tutorials/2 HTTP/1.1" 200 75
INFO  [2022/Nov/11 12:09:56] [autoreload.py:222] C:\hardik\projects\demo\drf_mongo\drf_mongo\drf_mongo\settings.py changed, reloading.
INFO  [2022/Nov/11 12:09:58] [autoreload.py:598] Watching for file changes with StatReloader
ERROR  [2022/Nov/11 12:10:00] [views.py:34] jkbcbjkcKCN
INFO  [2022/Nov/11 12:11:55] [autoreload.py:222] C:\hardik\projects\demo\drf_mongo\drf_mongo\drf_mongo\settings.py changed, reloading.
INFO  [2022/Nov/11 12:11:56] [autoreload.py:598] Watching for file changes with StatReloader
ERROR  [2022/Nov/11 12:11:57] [views.py:34] jkbcbjkcKCN
INFO  [2022/Nov/11 12:12:15] [autoreload.py:222] C:\hardik\projects\demo\drf_mongo\drf_mongo\drf_mongo\settings.py changed, reloading.
INFO  [2022/Nov/11 12:12:38] [autoreload.py:598] Watching for file changes with StatReloader
ERROR  [2022/Nov/11 12:12:39] [views.py:34] jkbcbjkcKCN
INFO  [2022/Nov/11 12:13:18] [autoreload.py:222] C:\hardik\projects\demo\drf_mongo\drf_mongo\drf_mongo\settings.py changed, reloading.
INFO  [2022/Nov/11 12:13:20] [autoreload.py:598] Watching for file changes with StatReloader
ERROR  [2022/Nov/11 12:13:21] [views.py:34] jkbcbjkcKCN
INFO  [2022/Nov/11 12:13:33] [autoreload.py:222] C:\hardik\projects\demo\drf_mongo\drf_mongo\drf_mongo\settings.py changed, reloading.
[32m INFO     2022-11-11 12:13:35,004 autoreload [0m [34mWatching for file changes with StatReloader[0m
[31m ERROR    2022-11-11 12:13:36,001 views [0m [34mjkbcbjkcKCN[0m
[32m INFO     2022-11-11 12:13:37,692 views [0m [34mTutorial deail by id: 2[0m
[32m INFO     2022-11-11 12:13:37,699 basehttp [0m [34m"GET /api/tutorials/2 HTTP/1.1" 200 75[0m
[32m INFO     2022-11-11 12:13:52,645 autoreload [0m [34mC:\hardik\projects\demo\drf_mongo\drf_mongo\tutorials\views.py changed, reloading.[0m
[32m INFO     2022-11-11 12:13:53,722 autoreload [0m [34mWatching for file changes with StatReloader[0m
[31m ERROR    2022-11-11 12:13:54,587 views [0m [34mjkbcbjkcKCN[0m
[31m ERROR    2022-11-11 12:13:56,133 views [0m [34mTutorial deail by id: 2[0m
[32m INFO     2022-11-11 12:13:56,141 basehttp [0m [34m"GET /api/tutorials/2 HTTP/1.1" 200 75[0m
[32m INFO     2022-11-11 12:14:51,365 autoreload [0m [34mC:\hardik\projects\demo\drf_mongo\drf_mongo\drf_mongo\settings.py changed, reloading.[0m
[32m INFO     2022-11-11 12:14:52,671 autoreload [0m [34mWatching for file changes with StatReloader[0m
[31m ERROR    2022-11-11 12:14:53,532 views [0m [34mjkbcbjkcKCN[0m
[32m INFO     2022-11-11 12:16:19,809 autoreload [0m [34mC:\hardik\projects\demo\drf_mongo\drf_mongo\drf_mongo\settings.py changed, reloading.[0m
[32m INFO     2022-11-11 12:16:21,383 autoreload [0m [34mWatching for file changes with StatReloader[0m
[31m ERROR    2022-11-11 12:16:22,089 views [0m [34mjkbcbjkcKCN[0m
[32m INFO     2022-11-11 12:16:43,478 autoreload [0m [34mC:\hardik\projects\demo\drf_mongo\drf_mongo\drf_mongo\settings.py changed, reloading.[0m
INFO  [2022/Nov/11 12:17:27] [autoreload.py:598] Watching for file changes with StatReloader
ERROR  [2022/Nov/11 12:17:28] [views.py:34] jkbcbjkcKCN
ERROR  [2022/Nov/11 12:17:37] [views.py:46] Tutorial deail by id: 2
INFO  [2022/Nov/11 12:17:37] [basehttp.py:157] "GET /api/tutorials/2 HTTP/1.1" 200 75
INFO  [2022/Nov/11 12:19:34] [autoreload.py:222] C:\hardik\projects\demo\drf_mongo\drf_mongo\drf_mongo\settings.py changed, reloading.
INFO  [2022/Nov/11 12:20:57] [autoreload.py:598] Watching for file changes with StatReloader
ERROR  [2022/Nov/11 12:20:57] [views.py:34] jkbcbjkcKCN
INFO  [2022/Nov/11 12:21:10] [autoreload.py:222] C:\hardik\projects\demo\drf_mongo\drf_mongo\drf_mongo\settings.py changed, reloading.
INFO  [2022/Nov/11 12:21:11] [autoreload.py:598] Watching for file changes with StatReloader
ERROR  [2022/Nov/11 12:21:12] [views.py:34] jkbcbjkcKCN
ERROR  [2022/Nov/11 12:21:14] [views.py:46] Tutorial deail by id: 2
INFO  [2022/Nov/11 12:21:14] [basehttp.py:157] "GET /api/tutorials/2 HTTP/1.1" 200 75
INFO  [2022/Nov/11 12:21:48] [autoreload.py:222] C:\hardik\projects\demo\drf_mongo\drf_mongo\drf_mongo\settings.py changed, reloading.
[32m INFO     2022-11-11 12:21:49,872 autoreload [0m [34mWatching for file changes with StatReloader[0m
[31m ERROR    2022-11-11 12:21:50,515 views [0m [34mjkbcbjkcKCN[0m
[31m ERROR    2022-11-11 12:21:55,126 views [0m [34mTutorial deail by id: 2[0m
[32m INFO     2022-11-11 12:21:55,135 basehttp [0m [34m"GET /api/tutorials/2 HTTP/1.1" 200 75[0m
[32m INFO     2022-11-11 12:23:23,678 autoreload [0m [34mC:\hardik\projects\demo\drf_mongo\drf_mongo\drf_mongo\settings.py changed, reloading.[0m
 INFO     [32m2022-11-11 12:23:24,669 autoreload [0m [34mWatching for file changes with StatReloader[0m
 ERROR    [31m2022-11-11 12:23:25,322 views [0m [34mjkbcbjkcKCN[0m
 ERROR    [31m2022-11-11 12:23:30,178 views [0m [34mTutorial deail by id: 2[0m
 INFO     [32m2022-11-11 12:23:30,185 basehttp [0m [34m"GET /api/tutorials/2 HTTP/1.1" 200 75[0m
 INFO     [32m2022-11-11 12:24:16,294 autoreload [0m [34mC:\hardik\projects\demo\drf_mongo\drf_mongo\drf_mongo\settings.py changed, reloading.[0m
 INFO     [32m2022-11-11 12:24:17,299 [36mautoreload [0m [34mWatching for file changes with StatReloader[0m
 ERROR    [31m2022-11-11 12:24:17,971 [36mviews [0m [34mjkbcbjkcKCN[0m
 ERROR    [31m2022-11-11 12:24:20,672 [36mviews [0m [34mTutorial deail by id: 2[0m
 INFO     [32m2022-11-11 12:24:20,678 [36mbasehttp [0m [34m"GET /api/tutorials/2 HTTP/1.1" 200 75[0m
 INFO     [32m2022-11-11 12:24:32,102 [36mautoreload [0m [34mC:\hardik\projects\demo\drf_mongo\drf_mongo\drf_mongo\settings.py changed, reloading.[0m
 INFO     [32m2022-11-11 12:24:33,091 [36mautoreload [0m sWatching for file changes with StatReloader[0m
 ERROR    [31m2022-11-11 12:24:33,716 [36mviews [0m sjkbcbjkcKCN[0m
 ERROR    [31m2022-11-11 12:24:35,716 [36mviews [0m sTutorial deail by id: 2[0m
 INFO     [32m2022-11-11 12:24:35,723 [36mbasehttp [0m s"GET /api/tutorials/2 HTTP/1.1" 200 75[0m
 INFO     [32m2022-11-11 12:26:35,858 [36mautoreload [0m sC:\hardik\projects\demo\drf_mongo\drf_mongo\drf_mongo\settings.py changed, reloading.[0m
 INFO     [32m2022-11-11 12:26:37,013 [36mautoreload [0m sWatching for file changes with StatReloader[0m
 ERROR    [31m2022-11-11 12:26:37,658 [36mviews [0m sjkbcbjkcKCN[0m
 ERROR    [31m2022-11-11 12:26:41,910 [36mviews [0m sTutorial deail by id: 2[0m
 INFO     [32m2022-11-11 12:26:41,919 [36mbasehttp [0m s"GET /api/tutorials/2 HTTP/1.1" 200 75[0m
 INFO     [32m2022-11-11 12:27:13,879 [36mautoreload [0m sC:\hardik\projects\demo\drf_mongo\drf_mongo\drf_mongo\settings.py changed, reloading.[0m
 INFO     [32m2022-11-11 12:27:15,021 [36mautoreload [0m sWatching for file changes with StatReloader[0m
 ERROR    [31m2022-11-11 12:27:16,053 [36mviews [0m sjkbcbjkcKCN[0m
 ERROR    [31m2022-11-11 12:27:16,642 [36mviews [0m sTutorial deail by id: 2[0m
 INFO     [32m2022-11-11 12:27:16,651 [36mbasehttp [0m s"GET /api/tutorials/2 HTTP/1.1" 200 75[0m
 INFO     [32m2022-11-11 12:27:40,115 [36mautoreload [0m sC:\hardik\projects\demo\drf_mongo\drf_mongo\drf_mongo\settings.py changed, reloading.[0m
 INFO     [32m2022-11-11 12:27:41,895 [36mautoreload [0m sWatching for file changes with StatReloader[0m
 ERROR    [31m2022-11-11 12:27:42,756 [36mviews [0m sjkbcbjkcKCN[0m
 ERROR    [31m2022-11-11 12:27:43,606 [36mviews [0m sTutorial deail by id: 2[0m
 INFO     [32m2022-11-11 12:27:43,613 [36mbasehttp [0m s"GET /api/tutorials/2 HTTP/1.1" 200 75[0m
 INFO     [32m2022-11-11 12:28:24,693 [36mautoreload [0m sC:\hardik\projects\demo\drf_mongo\drf_mongo\drf_mongo\settings.py changed, reloading.[0m
 INFO     [32m2022-11-11 12:28:25,674 [36mautoreload [0m sWatching for file changes with StatReloader[0m
 ERROR    [31m2022-11-11 12:28:26,308 [36mviews [0m sjkbcbjkcKCN[0m
 ERROR    [31m2022-11-11 12:28:29,259 [36mviews [0m sTutorial deail by id: 2[0m
 INFO     [32m2022-11-11 12:28:29,267 [36mbasehttp [0m s"GET /api/tutorials/2 HTTP/1.1" 200 75[0m
 INFO     [32m2022-11-11 12:28:54,160 [36mautoreload [0m sC:\hardik\projects\demo\drf_mongo\drf_mongo\drf_mongo\settings.py changed, reloading.[0m
 INFO     [32m2022-11-11 12:28:55,253 [36mautoreload [0m sWatching for file changes with StatReloader[0m
 ERROR    [31m2022-11-11 12:28:55,901 [36mviews [0m sjkbcbjkcKCN[0m
 ERROR    [31m2022-11-11 12:28:58,215 [36mviews [0m sTutorial deail by id: 2[0m
 INFO     [32m2022-11-11 12:28:58,221 [36mbasehttp [0m s"GET /api/tutorials/2 HTTP/1.1" 200 75[0m
 INFO     [32m2022-11-11 12:29:33,619 [36mautoreload [0m sC:\hardik\projects\demo\drf_mongo\drf_mongo\tutorials\views.py changed, reloading.[0m
 INFO     [32m2022-11-11 12:29:35,381 [36mautoreload [0m sWatching for file changes with StatReloader[0m
 ERROR    [31m2022-11-11 12:29:36,283 [36mviews [0m sjkbcbjkcKCN[0m
 ERROR    [31m2022-11-11 12:29:36,864 [36mviews [0m sGET data[0m
 INFO     [32m2022-11-11 12:29:36,871 [36mbasehttp [0m s"GET /api/tutorials/2 HTTP/1.1" 200 75[0m
 INFO     [32m2022-11-11 12:29:50,168 [36mautoreload [0m sC:\hardik\projects\demo\drf_mongo\drf_mongo\drf_mongo\settings.py changed, reloading.[0m
 INFO     [32m2022-11-11 12:29:51,135 [36mautoreload [0m sWatching for file changes with StatReloader[0m
 ERROR    [31m2022-11-11 12:29:51,798 [36mviews [0m sjkbcbjkcKCN[0m
 ERROR    [31m2022-11-11 12:29:55,451 [36mviews [0m sGET data[0m
 INFO     [32m2022-11-11 12:29:55,461 [36mbasehttp [0m s"GET /api/tutorials/2 HTTP/1.1" 200 75[0m
 INFO     [32m2022-11-11 12:30:12,918 [36mautoreload [0m sC:\hardik\projects\demo\drf_mongo\drf_mongo\drf_mongo\settings.py changed, reloading.[0m
 INFO     [32m2022-11-11 12:30:14,123 [36mautoreload [0m sWatching for file changes with StatReloader[0m
 ERROR    [31m2022-11-11 12:30:18,283 [36mviews [0m sGET data[0m
 INFO     [32m2022-11-11 12:30:18,290 [36mbasehttp [0m s"GET /api/tutorials/2 HTTP/1.1" 200 75[0m
 INFO     [32m2022-11-11 12:30:28,574 [36mautoreload [0m sC:\hardik\projects\demo\drf_mongo\drf_mongo\drf_mongo\settings.py changed, reloading.[0m
 INFO     [32m2022-11-11 12:30:30,169 [36mautoreload [0m sWatching for file changes with StatReloader[0m
 INFO     [32m2022-11-11 12:30:48,448 [36mautoreload [0m sC:\hardik\projects\demo\drf_mongo\drf_mongo\drf_mongo\settings.py changed, reloading.[0m
 INFO     [32m2022-11-11 12:30:49,851 [36mautoreload [0m sWatching for file changes with StatReloader[0m
 ERROR    [31m2022-11-11 12:30:52,469 [36mviews [0m sGET data[0m
 INFO     [32m2022-11-11 12:30:52,477 [36mbasehttp [0m s"GET /api/tutorials/2 HTTP/1.1" 200 75[0m
 INFO     [32m2022-11-11 12:31:48,551 [36mautoreload [0m sC:\hardik\projects\demo\drf_mongo\drf_mongo\drf_mongo\settings.py changed, reloading.[0m
 INFO     [32m2022-11-11 12:31:49,559 [36mautoreload [0m sWatching for file changes with StatReloader[0m
 ERROR    [31m2022-11-11 12:31:54,115 [36mviews [0m sGET data[0m
 INFO     [32m2022-11-11 12:31:54,156 [36mbasehttp [0m s"GET /api/tutorials/2 HTTP/1.1" 200 75[0m
 INFO     [32m2022-11-11 12:32:05,407 [36mautoreload [0m sC:\hardik\projects\demo\drf_mongo\drf_mongo\drf_mongo\settings.py changed, reloading.[0m
 INFO     [32m2022-11-11 12:32:06,551 [36mautoreload [0m sWatching for file changes with StatReloader[0m
 ERROR    [31m2022-11-11 12:32:54,890 [36mviews [0m sGET data[0m
 INFO     [32m2022-11-11 12:32:54,902 [36mbasehttp [0m s"GET /api/tutorials/2 HTTP/1.1" 200 75[0m
 INFO     [32m2022-11-11 14:08:33,702 [36mautoreload [0m sWatching for file changes with StatReloader[0m
 ERROR    [31m2022-11-11 14:08:53,769 [36mviews [0m sGET data[0m
 INFO     [32m2022-11-11 14:08:53,869 [36mbasehttp [0m s"GET /api/tutorials/2 HTTP/1.1" 200 75[0m
 INFO     [32m2022-11-11 14:09:33,486 [36mautoreload [0m sWatching for file changes with StatReloader[0m
 ERROR    [31m2022-11-11 14:10:57,075 [36mviews [0m sGET data[0m
 INFO     [32m2022-11-11 14:10:57,083 [36mbasehttp [0m s"GET /api/tutorials/2 HTTP/1.1" 200 75[0m
 INFO     [32m2022-11-11 14:11:12,002 [36mautoreload [0m sC:\hardik\projects\demo\drf_mongo\drf_mongo\drf_mongo\settings.py changed, reloading.[0m
 INFO     [32m2022-11-11 14:11:13,004 [36mautoreload [0mWatching for file changes with StatReloader[0m
 ERROR    [31m2022-11-11 14:11:15,356 [36mviews [0mGET data[0m
 INFO     [32m2022-11-11 14:11:15,487 [36mbasehttp [0m"GET /api/tutorials/2 HTTP/1.1" 200 75[0m
 INFO     [32m2022-11-11 14:11:38,755 [36mautoreload [0mC:\hardik\projects\demo\drf_mongo\drf_mongo\drf_mongo\settings.py changed, reloading.[0m
 INFO     [32m2022-11-11 14:11:39,852 [36mautoreload.py [0mWatching for file changes with StatReloader[0m
 ERROR    [31m2022-11-11 14:11:41,852 [36mviews.py [0mGET data[0m
 INFO     [32m2022-11-11 14:11:41,860 [36mbasehttp.py [0m"GET /api/tutorials/2 HTTP/1.1" 200 75[0m
 INFO     [32m2022-11-11 16:16:47,585 [36mautoreload.py [0mWatching for file changes with StatReloader[0m
 ERROR    [31m2022-11-11 16:16:55,106 [36mviews.py [0mGET data[0m
 INFO     [32m2022-11-11 16:16:55,117 [36mbasehttp.py [0m"GET /api/tutorials/2 HTTP/1.1" 200 75[0m
 INFO     [32m2022-11-11 16:22:53,711 [36mautoreload.py [0mC:\hardik\projects\demo\drf_mongo\drf_mongo\tutorials\views.py changed, reloading.[0m
 INFO     [32m2022-11-11 16:22:54,737 [36mautoreload.py [0mWatching for file changes with StatReloader[0m
 INFO     [32m2022-11-14 15:36:54,984 [36mautoreload.py [0mWatching for file changes with StatReloader[0m
 WARNING  [33m2022-11-14 15:37:05,574 [36mlog.py [0mNot Found: /[0m
 WARNING  [33m2022-11-14 15:37:05,580 [36mbasehttp.py [0m"GET / HTTP/1.1" 404 2444[0m
 WARNING  [33m2022-11-14 15:37:05,953 [36mlog.py [0mNot Found: /favicon.ico[0m
 WARNING  [33m2022-11-14 15:37:05,955 [36mbasehttp.py [0m"GET /favicon.ico HTTP/1.1" 404 2495[0m
 INFO     [32m2022-11-14 15:37:16,843 [36mbasehttp.py [0m"GET /api/tutorials HTTP/1.1" 200 471[0m
 WARNING  [33m2022-11-14 15:37:17,141 [36mlog.py [0mNot Found: /images/icons/gear.png[0m
 WARNING  [33m2022-11-14 15:37:17,142 [36mbasehttp.py [0m"GET /images/icons/gear.png HTTP/1.1" 404 2525[0m
 INFO     [32m2022-11-14 15:40:44,173 [36mbasehttp.py [0m"DELETE /api/tutorials/2 HTTP/1.1" 200 48[0m
 INFO     [32m2022-11-14 15:40:49,865 [36mbasehttp.py [0m"GET /api/tutorials HTTP/1.1" 200 389[0m
 WARNING  [33m2022-11-14 15:40:50,021 [36mlog.py [0mNot Found: /images/icons/gear.png[0m
 WARNING  [33m2022-11-14 15:40:50,023 [36mbasehttp.py [0m"GET /images/icons/gear.png HTTP/1.1" 404 2525[0m
 INFO     [32m2022-11-14 15:41:34,998 [36mautoreload.py [0mC:\hardik\projects\demo\drf_mongo\drf_mongo\tutorials\urls.py changed, reloading.[0m
 INFO     [32m2022-11-14 15:41:36,171 [36mautoreload.py [0mWatching for file changes with StatReloader[0m
 INFO     [32m2022-11-14 15:41:56,918 [36mbasehttp.py [0m"POST /api/tutorials HTTP/1.1" 200 67[0m
 INFO     [32m2022-11-14 15:42:01,053 [36mbasehttp.py [0m"GET /api/tutorials HTTP/1.1" 200 465[0m
 WARNING  [33m2022-11-14 15:42:01,216 [36mlog.py [0mNot Found: /images/icons/gear.png[0m
 WARNING  [33m2022-11-14 15:42:01,218 [36mbasehttp.py [0m"GET /images/icons/gear.png HTTP/1.1" 404 2525[0m
 WARNING  [33m2022-11-14 15:43:25,804 [36mlog.py [0mNot Found: /api/tutorials/[0m
 WARNING  [33m2022-11-14 15:43:25,806 [36mbasehttp.py [0m"GET /api/tutorials/ HTTP/1.1" 404 2504[0m
 INFO     [32m2022-11-14 15:43:38,836 [36mbasehttp.py [0m"GET /api/tutorials HTTP/1.1" 200 465[0m
 WARNING  [33m2022-11-14 15:43:39,285 [36mlog.py [0mNot Found: /images/icons/gear.png[0m
 WARNING  [33m2022-11-14 15:43:39,287 [36mbasehttp.py [0m"GET /images/icons/gear.png HTTP/1.1" 404 2525[0m
 INFO     [32m2022-11-14 15:44:00,482 [36mbasehttp.py [0m"GET /api/tutorials/published HTTP/1.1" 200 11028[0m
 INFO     [32m2022-11-14 15:44:00,596 [36mbasehttp.py [0m"GET /static/rest_framework/css/bootstrap-tweaks.css HTTP/1.1" 200 3385[0m
 INFO     [32m2022-11-14 15:44:00,746 [36mbasehttp.py [0m"GET /static/rest_framework/css/bootstrap.min.css HTTP/1.1" 200 121457[0m
 INFO     [32m2022-11-14 15:44:00,748 [36mbasehttp.py [0m"GET /static/rest_framework/css/prettify.css HTTP/1.1" 200 817[0m
 INFO     [32m2022-11-14 15:44:00,764 [36mbasehttp.py [0m"GET /static/rest_framework/css/default.css HTTP/1.1" 200 1131[0m
 INFO     [32m2022-11-14 15:44:00,771 [36mbasehttp.py [0m"GET /static/rest_framework/js/csrf.js HTTP/1.1" 200 1719[0m
 INFO     [32m2022-11-14 15:44:00,788 [36mbasehttp.py [0m"GET /static/rest_framework/js/ajax-form.js HTTP/1.1" 200 3597[0m
 INFO     [32m2022-11-14 15:44:00,817 [36mbasehttp.py [0m"GET /static/rest_framework/js/prettify-min.js HTTP/1.1" 200 13632[0m
 INFO     [32m2022-11-14 15:44:00,821 [36mbasehttp.py [0m"GET /static/rest_framework/js/jquery-3.4.1.min.js HTTP/1.1" 200 88145[0m
 INFO     [32m2022-11-14 15:44:00,831 [36mbasehttp.py [0m"GET /static/rest_framework/js/default.js HTTP/1.1" 200 1268[0m
 INFO     [32m2022-11-14 15:44:00,843 [36mbasehttp.py [0m"GET /static/rest_framework/js/bootstrap.min.js HTTP/1.1" 200 37608[0m
 INFO     [32m2022-11-14 15:44:00,870 [36mbasehttp.py [0m"GET /static/rest_framework/img/grid.png HTTP/1.1" 200 1458[0m
 INFO     [32m2022-11-14 15:44:06,073 [36mbasehttp.py [0m"GET /api/tutorials/published HTTP/1.1" 200 11028[0m
 ERROR    [31m2022-11-14 15:44:10,645 [36mviews.py [0mGET data[0m
 INFO     [32m2022-11-14 15:44:10,812 [36mbasehttp.py [0m"GET /api/tutorials/2 HTTP/1.1" 200 13030[0m
 ERROR    [31m2022-11-14 15:44:13,526 [36mviews.py [0mGET data[0m
 INFO     [32m2022-11-14 15:44:13,547 [36mbasehttp.py [0m"GET /api/tutorials/2 HTTP/1.1" 200 13030[0m
 ERROR    [31m2022-11-14 15:44:20,351 [36mviews.py [0mGET data[0m
 INFO     [32m2022-11-14 15:44:20,380 [36mbasehttp.py [0m"GET /api/tutorials/2 HTTP/1.1" 200 13030[0m
 ERROR    [31m2022-11-14 15:44:23,296 [36mviews.py [0mGET data[0m
 INFO     [32m2022-11-14 15:44:23,318 [36mbasehttp.py [0m"GET /api/tutorials/2?format=api HTTP/1.1" 200 13107[0m
 ERROR    [31m2022-11-14 15:44:24,864 [36mviews.py [0mGET data[0m
 INFO     [32m2022-11-14 15:44:24,868 [36mbasehttp.py [0m"GET /api/tutorials/2?format=json HTTP/1.1" 200 2[0m
 WARNING  [33m2022-11-14 15:44:25,084 [36mlog.py [0mNot Found: /images/icons/gear.png[0m
 WARNING  [33m2022-11-14 15:44:25,086 [36mbasehttp.py [0m"GET /images/icons/gear.png HTTP/1.1" 404 2525[0m
 INFO     [32m2022-11-14 15:44:31,472 [36mbasehttp.py [0m"OPTIONS /api/tutorials/2?format=api HTTP/1.1" 200 13473[0m
 ERROR    [31m2022-11-14 15:44:44,769 [36mviews.py [0mGET data[0m
 INFO     [32m2022-11-14 15:44:44,796 [36mbasehttp.py [0m"GET /api/tutorials/2 HTTP/1.1" 200 13030[0m
 ERROR    [31m2022-11-14 15:44:50,759 [36mviews.py [0mGET data[0m
 INFO     [32m2022-11-14 15:44:50,780 [36mbasehttp.py [0m"GET /api/tutorials/3 HTTP/1.1" 200 13231[0m
 WARNING  [33m2022-11-14 15:45:10,279 [36mlog.py [0mBad Request: /api/tutorials/3[0m
 WARNING  [33m2022-11-14 15:45:10,280 [36mbasehttp.py [0m"PUT /api/tutorials/3 HTTP/1.1" 400 13132[0m
 ERROR    [31m2022-11-14 15:45:17,319 [36mviews.py [0mGET data[0m
 INFO     [32m2022-11-14 15:45:17,345 [36mbasehttp.py [0m"GET /api/tutorials/3 HTTP/1.1" 200 13231[0m
 INFO     [32m2022-11-14 15:45:28,547 [36mbasehttp.py [0m"PUT /api/tutorials/3 HTTP/1.1" 200 13203[0m
 INFO     [32m2022-11-14 17:37:35,140 [36mbasehttp.py [0m"POST /api/tutorials HTTP/1.1" 200 67[0m
 INFO     [32m2022-11-14 17:37:36,017 [36mbasehttp.py [0m"POST /api/tutorials HTTP/1.1" 200 67[0m
 INFO     [32m2022-11-14 17:38:04,651 [36mbasehttp.py [0m"POST /api/tutorials HTTP/1.1" 200 68[0m
 INFO     - [32m2022-11-16 17:24:11,071 [36mautoreload.py [0mWatching for file changes with StatReloader[0m
 INFO     - [32m2022-11-16 17:24:24,992 [36mautoreload.py [0mC:\hardik\projects\demo\drf_mongo\drf_mongo\drf_mongo\settings.py changed, reloading.[0m
 INFO - [32m2022-11-16 17:24:26,452 [36mautoreload.py [0mWatching for file changes with StatReloader[0m
 INFO - [32m2022-11-16 17:43:19,103 [36mbasehttp.py [0m"GET /api/tutorials HTTP/1.1" 200 694[0m
 INFO - [32m2022-11-16 17:43:38,799 [36mautoreload.py [0mC:\hardik\projects\demo\drf_mongo\drf_mongo\drf_mongo\settings.py changed, reloading.[0m
 INFO - [32m2022-11-16 17:43:39,790 [36mautoreload.py [0mWatching for file changes with StatReloader[0m
 INFO - [32m2022-11-16 17:43:43,282 [36mbasehttp.py [0m"GET /api/tutorials HTTP/1.1" 200 694[0m
 INFO - [32m2022-11-16 17:43:54,656 [36mautoreload.py [0mC:\hardik\projects\demo\drf_mongo\drf_mongo\drf_mongo\settings.py changed, reloading.[0m
 INFO - [32m2022-11-16 17:43:55,863 [36mautoreload.py -- [0mWatching for file changes with StatReloader[0m
 INFO - [32m2022-11-16 17:43:58,899 [36mbasehttp.py -- [0m"GET /api/tutorials HTTP/1.1" 200 694[0m
 INFO - [32m2022-11-16 17:44:28,547 [36mautoreload.py -- [0mC:\hardik\projects\demo\drf_mongo\drf_mongo\drf_mongo\settings.py changed, reloading.[0m
 INFO - [32m2022-11-16 17:44:46,309 [36mautoreload.py[0mWatching for file changes with StatReloader[0m
 INFO - [32m2022-11-16 17:44:50,290 [36mbasehttp.py[0m"GET /api/tutorials HTTP/1.1" 200 694[0m
 INFO - [32m2022-11-16 17:44:56,124 [36mautoreload.py[0mC:\hardik\projects\demo\drf_mongo\drf_mongo\drf_mongo\settings.py changed, reloading.[0m
 INFO - [32m2022-11-16 17:44:57,512 [36mautoreload.py[0mWatching for file changes with StatReloader[0m
 INFO - [32m2022-11-16 17:45:02,371 [36mbasehttp.py[0m"GET /api/tutorials HTTP/1.1" 200 694[0m
 INFO - [32m2022-11-16 17:45:06,538 [36mbasehttp.py[0m"GET /api/tutorials HTTP/1.1" 200 694[0m
 INFO - [32m2022-11-16 17:45:13,903 [36mautoreload.py[0mC:\hardik\projects\demo\drf_mongo\drf_mongo\drf_mongo\settings.py changed, reloading.[0m
 INFO - [32m2022-11-16 17:45:15,142 [36mautoreload.py -- [0mWatching for file changes with StatReloader[0m
 INFO - [32m2022-11-16 17:45:16,388 [36mbasehttp.py -- [0m"GET /api/tutorials HTTP/1.1" 200 694[0m
 INFO - [32m2022-11-16 17:45:23,986 [36mautoreload.py -- [0mC:\hardik\projects\demo\drf_mongo\drf_mongo\drf_mongo\settings.py changed, reloading.[0m
 INFO - [32m2022-11-16 17:45:25,301 [36mautoreload.py [0mWatching for file changes with StatReloader[0m
 INFO - [32m2022-11-16 17:45:27,032 [36mbasehttp.py [0m"GET /api/tutorials HTTP/1.1" 200 694[0m
 INFO - [32m2022-11-26 12:53:27,266 [36mautoreload.py [0mWatching for file changes with StatReloader[0m
 INFO - [32m2022-11-26 12:55:08,789 [36mautoreload.py [0mC:\hardik\projects\demo\drf_mongo\drf_mongo\drf_mongo\settings.py changed, reloading.[0m
 INFO - [32m2022-11-26 12:55:10,302 [36mautoreload.py [0mWatching for file changes with StatReloader[0m
 INFO - [32m2022-11-26 12:55:23,616 [36mautoreload.py [0mWatching for file changes with StatReloader[0m
 INFO - [32m2022-11-26 12:55:32,034 [36mautoreload.py [0mC:\hardik\projects\demo\drf_mongo\drf_mongo\drf_mongo\settings.py changed, reloading.[0m
 INFO - [32m2022-11-26 12:55:35,716 [36mautoreload.py [0mWatching for file changes with StatReloader[0m
 WARNING - [33m2022-11-26 12:55:39,018 [36mlog.py [0mNot Found: /[0m
 WARNING - [33m2022-11-26 12:55:39,020 [36mbasehttp.py [0m"GET / HTTP/1.1" 404 2444[0m
 WARNING - [33m2022-11-26 12:55:39,496 [36mlog.py [0mNot Found: /favicon.ico[0m
 WARNING - [33m2022-11-26 12:55:39,664 [36mbasehttp.py [0m"GET /favicon.ico HTTP/1.1" 404 2495[0m
 ERROR - [31m2022-11-26 12:57:04,039 [36mlog.py [0mInternal Server Error: /api/tutorials[0m
Traceback (most recent call last):
  File "C:\Users\hardi\AppData\Local\Programs\Python\Python36\lib\site-packages\django\db\backends\utils.py", line 86, in _execute
    return self.cursor.execute(sql, params)
psycopg2.errors.UndefinedTable: relation "tutorials_tutorials" does not exist
LINE 1: INSERT INTO "tutorials_tutorials" ("title", "description", "...
                    ^


The above exception was the direct cause of the following exception:

Traceback (most recent call last):
  File "C:\Users\hardi\AppData\Local\Programs\Python\Python36\lib\site-packages\django\core\handlers\exception.py", line 34, in inner
    response = get_response(request)
  File "C:\Users\hardi\AppData\Local\Programs\Python\Python36\lib\site-packages\django\core\handlers\base.py", line 115, in _get_response
    response = self.process_exception_by_middleware(e, request)
  File "C:\Users\hardi\AppData\Local\Programs\Python\Python36\lib\site-packages\django\core\handlers\base.py", line 113, in _get_response
    response = wrapped_callback(request, *callback_args, **callback_kwargs)
  File "C:\Users\hardi\AppData\Local\Programs\Python\Python36\lib\site-packages\django\views\decorators\csrf.py", line 54, in wrapped_view
    return view_func(*args, **kwargs)
  File "C:\Users\hardi\AppData\Local\Programs\Python\Python36\lib\site-packages\django\views\generic\base.py", line 71, in view
    return self.dispatch(request, *args, **kwargs)
  File "C:\Users\hardi\AppData\Local\Programs\Python\Python36\lib\site-packages\rest_framework\views.py", line 505, in dispatch
    response = self.handle_exception(exc)
  File "C:\Users\hardi\AppData\Local\Programs\Python\Python36\lib\site-packages\rest_framework\views.py", line 465, in handle_exception
    self.raise_uncaught_exception(exc)
  File "C:\Users\hardi\AppData\Local\Programs\Python\Python36\lib\site-packages\rest_framework\views.py", line 476, in raise_uncaught_exception
    raise exc
  File "C:\Users\hardi\AppData\Local\Programs\Python\Python36\lib\site-packages\rest_framework\views.py", line 502, in dispatch
    response = handler(request, *args, **kwargs)
  File "C:\hardik\projects\demo\drf_mongo\drf_mongo\tutorials\views.py", line 27, in post
    tutorial_serializer.save()
  File "C:\Users\hardi\AppData\Local\Programs\Python\Python36\lib\site-packages\rest_framework\serializers.py", line 213, in save
    self.instance = self.create(validated_data)
  File "C:\Users\hardi\AppData\Local\Programs\Python\Python36\lib\site-packages\rest_framework\serializers.py", line 932, in create
    instance = ModelClass._default_manager.create(**validated_data)
  File "C:\Users\hardi\AppData\Local\Programs\Python\Python36\lib\site-packages\django\db\models\manager.py", line 82, in manager_method
    return getattr(self.get_queryset(), name)(*args, **kwargs)
  File "C:\Users\hardi\AppData\Local\Programs\Python\Python36\lib\site-packages\django\db\models\query.py", line 433, in create
    obj.save(force_insert=True, using=self.db)
  File "C:\Users\hardi\AppData\Local\Programs\Python\Python36\lib\site-packages\django\db\models\base.py", line 749, in save
    force_update=force_update, update_fields=update_fields)
  File "C:\Users\hardi\AppData\Local\Programs\Python\Python36\lib\site-packages\django\db\models\base.py", line 787, in save_base
    force_update, using, update_fields,
  File "C:\Users\hardi\AppData\Local\Programs\Python\Python36\lib\site-packages\django\db\models\base.py", line 890, in _save_table
    results = self._do_insert(cls._base_manager, using, fields, returning_fields, raw)
  File "C:\Users\hardi\AppData\Local\Programs\Python\Python36\lib\site-packages\django\db\models\base.py", line 929, in _do_insert
    using=using, raw=raw,
  File "C:\Users\hardi\AppData\Local\Programs\Python\Python36\lib\site-packages\django\db\models\manager.py", line 82, in manager_method
    return getattr(self.get_queryset(), name)(*args, **kwargs)
  File "C:\Users\hardi\AppData\Local\Programs\Python\Python36\lib\site-packages\django\db\models\query.py", line 1204, in _insert
    return query.get_compiler(using=using).execute_sql(returning_fields)
  File "C:\Users\hardi\AppData\Local\Programs\Python\Python36\lib\site-packages\django\db\models\sql\compiler.py", line 1394, in execute_sql
    cursor.execute(sql, params)
  File "C:\Users\hardi\AppData\Local\Programs\Python\Python36\lib\site-packages\django\db\backends\utils.py", line 100, in execute
    return super().execute(sql, params)
  File "C:\Users\hardi\AppData\Local\Programs\Python\Python36\lib\site-packages\django\db\backends\utils.py", line 68, in execute
    return self._execute_with_wrappers(sql, params, many=False, executor=self._execute)
  File "C:\Users\hardi\AppData\Local\Programs\Python\Python36\lib\site-packages\django\db\backends\utils.py", line 77, in _execute_with_wrappers
    return executor(sql, params, many, context)
  File "C:\Users\hardi\AppData\Local\Programs\Python\Python36\lib\site-packages\django\db\backends\utils.py", line 86, in _execute
    return self.cursor.execute(sql, params)
  File "C:\Users\hardi\AppData\Local\Programs\Python\Python36\lib\site-packages\django\db\utils.py", line 90, in __exit__
    raise dj_exc_value.with_traceback(traceback) from exc_value
  File "C:\Users\hardi\AppData\Local\Programs\Python\Python36\lib\site-packages\django\db\backends\utils.py", line 86, in _execute
    return self.cursor.execute(sql, params)
django.db.utils.ProgrammingError: relation "tutorials_tutorials" does not exist
LINE 1: INSERT INTO "tutorials_tutorials" ("title", "description", "...
                    ^

 ERROR - [31m2022-11-26 12:57:04,054 [36mbasehttp.py [0m"POST /api/tutorials HTTP/1.1" 500 23227[0m
 INFO - [32m2022-11-26 14:09:34,550 [36mautoreload.py [0mWatching for file changes with StatReloader[0m
 INFO - [32m2022-11-26 14:22:20,648 [36mautoreload.py [0mWatching for file changes with StatReloader[0m
 INFO - [32m2022-11-26 14:23:33,908 [36mautoreload.py [0mC:\hardik\projects\demo\drf_mongo\drf_mongo\drf_mongo\settings.py changed, reloading.[0m
 INFO - [32m2022-11-26 14:23:35,294 [36mautoreload.py [0mWatching for file changes with StatReloader[0m
 INFO - [32m2022-11-26 14:25:09,589 [36mautoreload.py [0mWatching for file changes with StatReloader[0m
 INFO - [32m2022-11-26 14:25:15,360 [36mbasehttp.py [0m"POST /api/tutorials HTTP/1.1" 200 67[0m
 INFO - [32m2022-12-02 14:03:10,116 [36mautoreload.py [0mWatching for file changes with StatReloader[0m
 INFO - [32m2022-12-02 14:04:03,879 [36mautoreload.py [0mWatching for file changes with StatReloader[0m
 INFO - [32m2022-12-02 14:05:51,424 [36mautoreload.py [0mWatching for file changes with StatReloader[0m
 INFO - [32m2022-12-02 14:07:17,807 [36mautoreload.py [0mWatching for file changes with StatReloader[0m
 INFO - [32m2022-12-02 14:10:27,528 [36mautoreload.py [0mWatching for file changes with StatReloader[0m
 INFO - [32m2022-12-05 11:55:03,541 [36mautoreload.py [0mWatching for file changes with StatReloader[0m
 WARNING - [33m2022-12-05 11:55:09,260 [36mlog.py [0mNot Found: /[0m
 WARNING - [33m2022-12-05 11:55:09,262 [36mbasehttp.py [0m"GET / HTTP/1.1" 404 2760[0m
 WARNING - [33m2022-12-05 11:55:10,174 [36mlog.py [0mNot Found: /favicon.ico[0m
 WARNING - [33m2022-12-05 11:55:10,176 [36mbasehttp.py [0m"GET /favicon.ico HTTP/1.1" 404 2811[0m
 INFO - [32m2022-12-05 11:55:17,488 [36mbasehttp.py [0m"GET /openapi HTTP/1.1" 200 12954[0m
 INFO - [32m2022-12-05 11:55:17,694 [36mbasehttp.py [0m"GET /static/rest_framework/css/bootstrap.min.css HTTP/1.1" 200 121457[0m
 INFO - [32m2022-12-05 11:55:17,696 [36mbasehttp.py [0m"GET /static/rest_framework/css/prettify.css HTTP/1.1" 200 817[0m
 INFO - [32m2022-12-05 11:55:17,712 [36mbasehttp.py [0m"GET /static/rest_framework/css/bootstrap-tweaks.css HTTP/1.1" 200 3385[0m
 INFO - [32m2022-12-05 11:55:17,721 [36mbasehttp.py [0m"GET /static/rest_framework/js/ajax-form.js HTTP/1.1" 200 3597[0m
 INFO - [32m2022-12-05 11:55:17,755 [36mbasehttp.py [0m"GET /static/rest_framework/css/default.css HTTP/1.1" 200 1152[0m
 INFO - [32m2022-12-05 11:55:17,788 [36mbasehttp.py [0m"GET /static/rest_framework/js/jquery-3.5.1.min.js HTTP/1.1" 200 89476[0m
 INFO - [32m2022-12-05 11:55:17,796 [36mbasehttp.py [0m"GET /static/rest_framework/js/bootstrap.min.js HTTP/1.1" 200 39680[0m
 INFO - [32m2022-12-05 11:55:17,854 [36mbasehttp.py [0m"GET /static/rest_framework/js/csrf.js HTTP/1.1" 200 1719[0m
 INFO - [32m2022-12-05 11:55:17,901 [36mbasehttp.py [0m"GET /static/rest_framework/img/grid.png HTTP/1.1" 200 1458[0m
 INFO - [32m2022-12-05 11:55:17,904 [36mbasehttp.py [0m"GET /static/rest_framework/js/default.js HTTP/1.1" 200 1268[0m
 INFO - [32m2022-12-05 11:55:17,913 [36mbasehttp.py [0m"GET /static/rest_framework/js/prettify-min.js HTTP/1.1" 200 13632[0m
 INFO - [32m2022-12-05 11:55:18,074 [36mbasehttp.py [0m"GET /static/rest_framework/js/ajax-form.js HTTP/1.1" 200 3597[0m
 INFO - [32m2022-12-05 11:55:18,076 [36mbasehttp.py [0m"GET /static/rest_framework/js/csrf.js HTTP/1.1" 200 1719[0m
 INFO - [32m2022-12-05 11:55:18,083 [36mbasehttp.py [0m"GET /static/rest_framework/js/bootstrap.min.js HTTP/1.1" 200 39680[0m
 INFO - [32m2022-12-05 11:55:18,085 [36mbasehttp.py [0m"GET /static/rest_framework/js/default.js HTTP/1.1" 200 1268[0m
 INFO - [32m2022-12-05 11:55:18,085 [36mbasehttp.py [0m"GET /static/rest_framework/js/prettify-min.js HTTP/1.1" 200 13632[0m
 INFO - [32m2022-12-05 11:55:18,086 [36mbasehttp.py [0m"GET /static/rest_framework/js/jquery-3.5.1.min.js HTTP/1.1" 200 89476[0m
 INFO - [32m2022-12-05 11:55:28,851 [36mbasehttp.py [0m"GET /openapi HTTP/1.1" 200 12954[0m
 INFO - [32m2022-12-05 11:55:32,939 [36mbasehttp.py [0m"GET /openapi?format=openapi HTTP/1.1" 200 2464[0m
 INFO - [32m2022-12-05 11:55:34,710 [36mbasehttp.py [0m"GET /openapi?format=openapi-json HTTP/1.1" 200 3888[0m
 INFO - [32m2022-12-05 11:55:44,358 [36mbasehttp.py [0m"GET /openapi?format=openapi-json HTTP/1.1" 200 3888[0m
 INFO - [32m2022-12-05 11:56:36,684 [36mautoreload.py [0mC:\hardik\projects\demo\drf_mongo\drf_mongo\tutorials\urls.py changed, reloading.[0m
 INFO - [32m2022-12-05 11:56:37,605 [36mautoreload.py [0mWatching for file changes with StatReloader[0m
 INFO - [32m2022-12-05 11:56:42,666 [36mautoreload.py [0mC:\hardik\projects\demo\drf_mongo\drf_mongo\tutorials\urls.py changed, reloading.[0m
 INFO - [32m2022-12-05 11:56:43,998 [36mautoreload.py [0mWatching for file changes with StatReloader[0m
